<?xml version="1.0" encoding="UTF-8"?>
<testsuite xmlns:xsi="http://www.w3.org/2001/XMLSchema-instance" xsi:noNamespaceSchemaLocation="https://maven.apache.org/surefire/maven-surefire-plugin/xsd/surefire-test-report-3.0.xsd" version="3.0" name="FirstAidKitTest" time="0.757" tests="5" errors="0" skipped="0" failures="0">
  <properties>
[...]
</properties>
  <testcase name="ShouldThrowExceptionIfMissingAidKitComponent" classname="FirstAidKitTest" time="0.588"/>
  <testcase name="EqualsTest" classname="FirstAidKitTest" time="0"/>
  <testcase name="FirstAidKitToStringTest" classname="FirstAidKitTest" time="0"/>
  <testcase name="BandagingMaterialTest" classname="FirstAidKitTest" time="0"/>
  <testcase name="FirstAidKitFunctionalityTest" classname="FirstAidKitTest" time="0.076">
    <system-out><![CDATA[Bleeding has stopeed using garrot
Wound was bandaged by gauze napkin
incision was made with a scalpel
Patient heavily injured
Garrot was installed at: 01:37
]]></system-out>
  </testcase>
</testsuite>